TN:
SF:dist/use-cases/submit-feedback-use-case.js
FN:8,execute
FN:5,SubmitFeedbackUseCase
FNF:2
FNH:2
FNDA:4,execute
FNDA:1,SubmitFeedbackUseCase
DA:1,1
DA:2,1
DA:3,1
DA:4,1
DA:5,1
DA:6,1
DA:7,1
DA:8,1
DA:9,4
DA:10,4
DA:11,4
DA:12,4
DA:13,1
DA:14,1
DA:15,4
DA:16,1
DA:17,1
DA:18,4
DA:19,1
DA:20,1
DA:21,1
DA:22,1
DA:23,1
DA:24,1
DA:25,1
DA:26,1
DA:27,1
DA:28,1
DA:29,1
DA:30,1
DA:31,1
DA:32,1
DA:33,1
DA:34,1
DA:35,1
DA:36,1
DA:37,4
DA:38,4
DA:39,4
DA:40,4
DA:41,4
DA:42,4
DA:43,1
DA:44,1
LF:44
LH:44
BRDA:8,0,0,4
BRDA:12,1,0,1
BRDA:15,2,0,3
BRDA:15,3,0,1
BRDA:18,4,0,2
BRDA:18,5,0,1
BRDA:37,6,0,0
BRDA:5,7,0,1
BRF:8
BRH:7
end_of_record
TN:
SF:src/use-cases/submit-feedback-use-case.ts
FN:9,get
FN:14,execute
FN:10,SubmitFeedbackUseCase
FNF:3
FNH:3
FNDA:1,get
FNDA:4,execute
FNDA:1,SubmitFeedbackUseCase
DA:1,1
DA:2,1
DA:3,1
DA:4,1
DA:5,1
DA:6,1
DA:7,1
DA:8,1
DA:9,1
DA:10,1
DA:11,1
DA:12,1
DA:13,1
DA:14,1
DA:15,4
DA:16,4
DA:17,4
DA:18,4
DA:19,4
DA:20,1
DA:21,1
DA:22,3
DA:23,4
DA:24,1
DA:25,1
DA:26,2
DA:27,4
DA:28,1
DA:29,1
DA:30,1
DA:31,1
DA:32,1
DA:33,1
DA:34,1
DA:35,1
DA:36,1
DA:37,1
DA:38,1
DA:39,1
DA:40,1
DA:41,1
DA:42,1
DA:43,1
DA:44,1
DA:45,1
DA:46,1
DA:47,1
DA:48,4
DA:49,4
DA:50,4
DA:51,4
DA:52,4
DA:53,4
DA:54,1
LF:54
LH:54
BRDA:9,0,0,1
BRDA:14,1,0,4
BRDA:19,2,0,1
BRDA:22,3,0,3
BRDA:23,4,0,1
BRDA:26,5,0,2
BRDA:27,6,0,1
BRDA:48,7,0,0
BRDA:10,8,0,1
BRF:9
BRH:8
end_of_record
